Started GET "/" for 127.0.0.1 at 2018-10-08 10:45:10 -0500
Processing by Rails::WelcomeController#index as HTML
  Rendering C:/RailsInstaller/Ruby2.3.3/lib/ruby/gems/2.3.0/gems/railties-5.1.6/lib/rails/templates/rails/welcome/index.html.erb
  Rendered C:/RailsInstaller/Ruby2.3.3/lib/ruby/gems/2.3.0/gems/railties-5.1.6/lib/rails/templates/rails/welcome/index.html.erb (4.0ms)
Completed 200 OK in 181ms (Views: 24.3ms)


Started GET "/favicon.ico" for 127.0.0.1 at 2018-10-08 10:45:10 -0500
  
ActionController::RoutingError (No route matches [GET] "/favicon.ico"):
  
actionpack (5.1.6) lib/action_dispatch/middleware/debug_exceptions.rb:63:in `call'
actionpack (5.1.6) lib/action_dispatch/middleware/show_exceptions.rb:31:in `call'
railties (5.1.6) lib/rails/rack/logger.rb:36:in `call_app'
railties (5.1.6) lib/rails/rack/logger.rb:24:in `block in call'
activesupport (5.1.6) lib/active_support/tagged_logging.rb:69:in `block in tagged'
activesupport (5.1.6) lib/active_support/tagged_logging.rb:26:in `tagged'
activesupport (5.1.6) lib/active_support/tagged_logging.rb:69:in `tagged'
railties (5.1.6) lib/rails/rack/logger.rb:24:in `call'
actionpack (5.1.6) lib/action_dispatch/middleware/remote_ip.rb:79:in `call'
actionpack (5.1.6) lib/action_dispatch/middleware/request_id.rb:25:in `call'
rack (2.0.5) lib/rack/runtime.rb:22:in `call'
activesupport (5.1.6) lib/active_support/cache/strategy/local_cache_middleware.rb:27:in `call'
actionpack (5.1.6) lib/action_dispatch/middleware/executor.rb:12:in `call'
actionpack (5.1.6) lib/action_dispatch/middleware/static.rb:125:in `call'
rack (2.0.5) lib/rack/sendfile.rb:111:in `call'
railties (5.1.6) lib/rails/engine.rb:522:in `call'
puma (3.12.0) lib/puma/configuration.rb:225:in `call'
puma (3.12.0) lib/puma/server.rb:658:in `handle_request'
puma (3.12.0) lib/puma/server.rb:472:in `process_client'
puma (3.12.0) lib/puma/server.rb:332:in `block in run'
puma (3.12.0) lib/puma/thread_pool.rb:133:in `block in spawn_thread'
Started GET "/" for 127.0.0.1 at 2018-10-08 10:50:23 -0500
  
ActiveRecord::PendingMigrationError (

Migrations are pending. To resolve this issue, run:

        bin/rails db:migrate RAILS_ENV=development

):
  
activerecord (5.1.6) lib/active_record/migration.rb:576:in `check_pending!'
activerecord (5.1.6) lib/active_record/migration.rb:553:in `call'
actionpack (5.1.6) lib/action_dispatch/middleware/callbacks.rb:26:in `block in call'
activesupport (5.1.6) lib/active_support/callbacks.rb:97:in `run_callbacks'
actionpack (5.1.6) lib/action_dispatch/middleware/callbacks.rb:24:in `call'
actionpack (5.1.6) lib/action_dispatch/middleware/executor.rb:12:in `call'
actionpack (5.1.6) lib/action_dispatch/middleware/debug_exceptions.rb:59:in `call'
actionpack (5.1.6) lib/action_dispatch/middleware/show_exceptions.rb:31:in `call'
railties (5.1.6) lib/rails/rack/logger.rb:36:in `call_app'
railties (5.1.6) lib/rails/rack/logger.rb:24:in `block in call'
activesupport (5.1.6) lib/active_support/tagged_logging.rb:69:in `block in tagged'
activesupport (5.1.6) lib/active_support/tagged_logging.rb:26:in `tagged'
activesupport (5.1.6) lib/active_support/tagged_logging.rb:69:in `tagged'
railties (5.1.6) lib/rails/rack/logger.rb:24:in `call'
actionpack (5.1.6) lib/action_dispatch/middleware/remote_ip.rb:79:in `call'
actionpack (5.1.6) lib/action_dispatch/middleware/request_id.rb:25:in `call'
rack (2.0.5) lib/rack/runtime.rb:22:in `call'
activesupport (5.1.6) lib/active_support/cache/strategy/local_cache_middleware.rb:27:in `call'
actionpack (5.1.6) lib/action_dispatch/middleware/executor.rb:12:in `call'
actionpack (5.1.6) lib/action_dispatch/middleware/static.rb:125:in `call'
rack (2.0.5) lib/rack/sendfile.rb:111:in `call'
railties (5.1.6) lib/rails/engine.rb:522:in `call'
puma (3.12.0) lib/puma/configuration.rb:225:in `call'
puma (3.12.0) lib/puma/server.rb:658:in `handle_request'
puma (3.12.0) lib/puma/server.rb:472:in `process_client'
puma (3.12.0) lib/puma/server.rb:332:in `block in run'
puma (3.12.0) lib/puma/thread_pool.rb:133:in `block in spawn_thread'
  [1m[35m (0.0ms)[0m  [1m[34mSELECT sqlite_version(*)[0m
  [1m[35m (9.4ms)[0m  [1m[35mCREATE TABLE "schema_migrations" ("version" varchar NOT NULL PRIMARY KEY)[0m
  [1m[35m (6.6ms)[0m  [1m[35mCREATE TABLE "ar_internal_metadata" ("key" varchar NOT NULL PRIMARY KEY, "value" varchar, "created_at" datetime NOT NULL, "updated_at" datetime NOT NULL)[0m
  [1m[35m (0.0ms)[0m  [1m[34mSELECT "schema_migrations"."version" FROM "schema_migrations" ORDER BY "schema_migrations"."version" ASC[0m
Migrating to CreateArticles (20181008154617)
  [1m[35m (0.0ms)[0m  [1m[36mbegin transaction[0m
  [1m[35m (1.0ms)[0m  [1m[35mCREATE TABLE "articles" ("id" INTEGER PRIMARY KEY AUTOINCREMENT NOT NULL, "title" varchar, "body" text, "created_at" datetime NOT NULL, "updated_at" datetime NOT NULL)[0m
  [1m[35mSQL (0.0ms)[0m  [1m[32mINSERT INTO "schema_migrations" ("version") VALUES (?)[0m  [["version", "20181008154617"]]
  [1m[35m (6.3ms)[0m  [1m[36mcommit transaction[0m
  [1m[36mActiveRecord::InternalMetadata Load (0.0ms)[0m  [1m[34mSELECT  "ar_internal_metadata".* FROM "ar_internal_metadata" WHERE "ar_internal_metadata"."key" = ? LIMIT ?[0m  [["key", "environment"], ["LIMIT", 1]]
  [1m[35m (0.0ms)[0m  [1m[36mbegin transaction[0m
  [1m[35mSQL (1.0ms)[0m  [1m[32mINSERT INTO "ar_internal_metadata" ("key", "value", "created_at", "updated_at") VALUES (?, ?, ?, ?)[0m  [["key", "environment"], ["value", "development"], ["created_at", "2018-10-08 15:54:06.615105"], ["updated_at", "2018-10-08 15:54:06.615105"]]
  [1m[35m (6.3ms)[0m  [1m[36mcommit transaction[0m
  [1m[35m (0.0ms)[0m  [1m[34mSELECT "schema_migrations"."version" FROM "schema_migrations" ORDER BY "schema_migrations"."version" ASC[0m
Started GET "/" for 127.0.0.1 at 2018-10-08 10:54:29 -0500
  [1m[35m (0.0ms)[0m  [1m[34mSELECT "schema_migrations"."version" FROM "schema_migrations" ORDER BY "schema_migrations"."version" ASC[0m
Processing by Rails::WelcomeController#index as HTML
  Rendering C:/RailsInstaller/Ruby2.3.3/lib/ruby/gems/2.3.0/gems/railties-5.1.6/lib/rails/templates/rails/welcome/index.html.erb
  Rendered C:/RailsInstaller/Ruby2.3.3/lib/ruby/gems/2.3.0/gems/railties-5.1.6/lib/rails/templates/rails/welcome/index.html.erb (4.0ms)
Completed 200 OK in 43ms (Views: 25.0ms | ActiveRecord: 0.0ms)


Started GET "/" for 127.0.0.1 at 2018-10-08 10:57:13 -0500
Processing by Rails::WelcomeController#index as HTML
  Rendering C:/RailsInstaller/Ruby2.3.3/lib/ruby/gems/2.3.0/gems/railties-5.1.6/lib/rails/templates/rails/welcome/index.html.erb
  Rendered C:/RailsInstaller/Ruby2.3.3/lib/ruby/gems/2.3.0/gems/railties-5.1.6/lib/rails/templates/rails/welcome/index.html.erb (3.0ms)
Completed 200 OK in 37ms (Views: 20.2ms | ActiveRecord: 0.0ms)


Started GET "/" for 127.0.0.1 at 2018-10-08 11:02:04 -0500
Processing by Rails::WelcomeController#index as HTML
  Rendering C:/RailsInstaller/Ruby2.3.3/lib/ruby/gems/2.3.0/gems/railties-5.1.6/lib/rails/templates/rails/welcome/index.html.erb
  Rendered C:/RailsInstaller/Ruby2.3.3/lib/ruby/gems/2.3.0/gems/railties-5.1.6/lib/rails/templates/rails/welcome/index.html.erb (2.0ms)
Completed 200 OK in 37ms (Views: 20.0ms)


Started GET "/" for 127.0.0.1 at 2018-10-08 11:07:02 -0500
Processing by Rails::WelcomeController#index as HTML
  Rendering C:/RailsInstaller/Ruby2.3.3/lib/ruby/gems/2.3.0/gems/railties-5.1.6/lib/rails/templates/rails/welcome/index.html.erb
  Rendered C:/RailsInstaller/Ruby2.3.3/lib/ruby/gems/2.3.0/gems/railties-5.1.6/lib/rails/templates/rails/welcome/index.html.erb (3.0ms)
Completed 200 OK in 38ms (Views: 21.0ms)


Started GET "/api/v1/articles" for 127.0.0.1 at 2018-10-08 11:08:02 -0500
Processing by Api::V1::ArticlesController#index as HTML
  [1m[36mArticle Load (0.0ms)[0m  [1m[34mSELECT "articles".* FROM "articles" ORDER BY created_at DESC[0m
Completed 200 OK in 7ms (Views: 3.3ms | ActiveRecord: 0.0ms)


  [1m[35m (1.0ms)[0m  [1m[34mSELECT "schema_migrations"."version" FROM "schema_migrations" ORDER BY "schema_migrations"."version" ASC[0m
  [1m[35m (0.0ms)[0m  [1m[36mbegin transaction[0m
  [1m[35mSQL (2.0ms)[0m  [1m[32mINSERT INTO "articles" ("title", "body", "created_at", "updated_at") VALUES (?, ?, ?, ?)[0m  [["title", "Of Human Bondage"], ["body", "Dolorem occaecati sit quaerat."], ["created_at", "2018-10-08 16:09:09.238723"], ["updated_at", "2018-10-08 16:09:09.238723"]]
  [1m[35m (8.1ms)[0m  [1m[36mcommit transaction[0m
  [1m[35m (0.0ms)[0m  [1m[36mbegin transaction[0m
  [1m[35mSQL (1.0ms)[0m  [1m[32mINSERT INTO "articles" ("title", "body", "created_at", "updated_at") VALUES (?, ?, ?, ?)[0m  [["title", "The Man Within"], ["body", "Qui doloremque sed eum."], ["created_at", "2018-10-08 16:09:09.250835"], ["updated_at", "2018-10-08 16:09:09.250835"]]
  [1m[35m (7.8ms)[0m  [1m[36mcommit transaction[0m
  [1m[35m (0.0ms)[0m  [1m[36mbegin transaction[0m
  [1m[35mSQL (1.0ms)[0m  [1m[32mINSERT INTO "articles" ("title", "body", "created_at", "updated_at") VALUES (?, ?, ?, ?)[0m  [["title", "In Death Ground"], ["body", "Aut qui eum eveniet."], ["created_at", "2018-10-08 16:09:09.260677"], ["updated_at", "2018-10-08 16:09:09.260677"]]
  [1m[35m (8.0ms)[0m  [1m[36mcommit transaction[0m
  [1m[35m (0.0ms)[0m  [1m[36mbegin transaction[0m
  [1m[35mSQL (1.0ms)[0m  [1m[32mINSERT INTO "articles" ("title", "body", "created_at", "updated_at") VALUES (?, ?, ?, ?)[0m  [["title", "Beyond the Mexique Bay"], ["body", "Velit ut et aut."], ["created_at", "2018-10-08 16:09:09.270715"], ["updated_at", "2018-10-08 16:09:09.270715"]]
  [1m[35m (7.0ms)[0m  [1m[36mcommit transaction[0m
  [1m[35m (1.0ms)[0m  [1m[36mbegin transaction[0m
  [1m[35mSQL (1.0ms)[0m  [1m[32mINSERT INTO "articles" ("title", "body", "created_at", "updated_at") VALUES (?, ?, ?, ?)[0m  [["title", "The Curious Incident of the Dog in the Night-Time"], ["body", "Temporibus ab quisquam aut."], ["created_at", "2018-10-08 16:09:09.280730"], ["updated_at", "2018-10-08 16:09:09.280730"]]
  [1m[35m (9.0ms)[0m  [1m[36mcommit transaction[0m
Started GET "/api/v1/articles" for 127.0.0.1 at 2018-10-08 11:09:17 -0500
Processing by Api::V1::ArticlesController#index as HTML
  [1m[36mArticle Load (1.0ms)[0m  [1m[34mSELECT "articles".* FROM "articles" ORDER BY created_at DESC[0m
Completed 200 OK in 14ms (Views: 13.6ms | ActiveRecord: 1.0ms)


Started GET "/api/v1/articles" for 127.0.0.1 at 2018-10-08 11:15:24 -0500
Processing by Api::V1::ArticlesController#index as */*
  Parameters: {"article"=>{}}
  [1m[36mArticle Load (0.0ms)[0m  [1m[34mSELECT "articles".* FROM "articles" ORDER BY created_at DESC[0m
Completed 200 OK in 4ms (Views: 3.8ms | ActiveRecord: 0.0ms)


Started PUT "/api/v1/articles/" for 127.0.0.1 at 2018-10-08 11:40:14 -0500
  
ActionController::RoutingError (No route matches [PUT] "/api/v1/articles"):
  
actionpack (5.1.6) lib/action_dispatch/middleware/debug_exceptions.rb:63:in `call'
actionpack (5.1.6) lib/action_dispatch/middleware/show_exceptions.rb:31:in `call'
railties (5.1.6) lib/rails/rack/logger.rb:36:in `call_app'
railties (5.1.6) lib/rails/rack/logger.rb:24:in `block in call'
activesupport (5.1.6) lib/active_support/tagged_logging.rb:69:in `block in tagged'
activesupport (5.1.6) lib/active_support/tagged_logging.rb:26:in `tagged'
activesupport (5.1.6) lib/active_support/tagged_logging.rb:69:in `tagged'
railties (5.1.6) lib/rails/rack/logger.rb:24:in `call'
actionpack (5.1.6) lib/action_dispatch/middleware/remote_ip.rb:79:in `call'
actionpack (5.1.6) lib/action_dispatch/middleware/request_id.rb:25:in `call'
rack (2.0.5) lib/rack/runtime.rb:22:in `call'
activesupport (5.1.6) lib/active_support/cache/strategy/local_cache_middleware.rb:27:in `call'
actionpack (5.1.6) lib/action_dispatch/middleware/executor.rb:12:in `call'
actionpack (5.1.6) lib/action_dispatch/middleware/static.rb:125:in `call'
rack (2.0.5) lib/rack/sendfile.rb:111:in `call'
railties (5.1.6) lib/rails/engine.rb:522:in `call'
puma (3.12.0) lib/puma/configuration.rb:225:in `call'
puma (3.12.0) lib/puma/server.rb:658:in `handle_request'
puma (3.12.0) lib/puma/server.rb:472:in `process_client'
puma (3.12.0) lib/puma/server.rb:332:in `block in run'
puma (3.12.0) lib/puma/thread_pool.rb:133:in `block in spawn_thread'
Started DELETE "/api/v1/articles/" for 127.0.0.1 at 2018-10-08 11:43:02 -0500
  
ActionController::RoutingError (No route matches [DELETE] "/api/v1/articles"):
  
actionpack (5.1.6) lib/action_dispatch/middleware/debug_exceptions.rb:63:in `call'
actionpack (5.1.6) lib/action_dispatch/middleware/show_exceptions.rb:31:in `call'
railties (5.1.6) lib/rails/rack/logger.rb:36:in `call_app'
railties (5.1.6) lib/rails/rack/logger.rb:24:in `block in call'
activesupport (5.1.6) lib/active_support/tagged_logging.rb:69:in `block in tagged'
activesupport (5.1.6) lib/active_support/tagged_logging.rb:26:in `tagged'
activesupport (5.1.6) lib/active_support/tagged_logging.rb:69:in `tagged'
railties (5.1.6) lib/rails/rack/logger.rb:24:in `call'
actionpack (5.1.6) lib/action_dispatch/middleware/remote_ip.rb:79:in `call'
actionpack (5.1.6) lib/action_dispatch/middleware/request_id.rb:25:in `call'
rack (2.0.5) lib/rack/runtime.rb:22:in `call'
activesupport (5.1.6) lib/active_support/cache/strategy/local_cache_middleware.rb:27:in `call'
actionpack (5.1.6) lib/action_dispatch/middleware/executor.rb:12:in `call'
actionpack (5.1.6) lib/action_dispatch/middleware/static.rb:125:in `call'
rack (2.0.5) lib/rack/sendfile.rb:111:in `call'
railties (5.1.6) lib/rails/engine.rb:522:in `call'
puma (3.12.0) lib/puma/configuration.rb:225:in `call'
puma (3.12.0) lib/puma/server.rb:658:in `handle_request'
puma (3.12.0) lib/puma/server.rb:472:in `process_client'
puma (3.12.0) lib/puma/server.rb:332:in `block in run'
puma (3.12.0) lib/puma/thread_pool.rb:133:in `block in spawn_thread'
Started DELETE "/api/v1/articles/1" for 127.0.0.1 at 2018-10-08 11:43:19 -0500
Processing by Api::V1::ArticlesController#destroy as */*
  Parameters: {"id"=>"1", "article"=>{}}
  [1m[36mArticle Load (1.0ms)[0m  [1m[34mSELECT  "articles".* FROM "articles" WHERE "articles"."id" = ? LIMIT ?[0m  [["id", 1], ["LIMIT", 1]]
  [1m[35m (0.0ms)[0m  [1m[36mbegin transaction[0m
  [1m[35mSQL (2.2ms)[0m  [1m[31mDELETE FROM "articles" WHERE "articles"."id" = ?[0m  [["id", 1]]
  [1m[35m (13.3ms)[0m  [1m[36mcommit transaction[0m
Completed 200 OK in 39ms (Views: 0.8ms | ActiveRecord: 16.5ms)


Started GET "/api/v1/articles/1" for 127.0.0.1 at 2018-10-08 11:44:46 -0500
Processing by Api::V1::ArticlesController#show as */*
  Parameters: {"id"=>"1", "article"=>{}}
  [1m[36mArticle Load (1.0ms)[0m  [1m[34mSELECT  "articles".* FROM "articles" WHERE "articles"."id" = ? LIMIT ?[0m  [["id", 1], ["LIMIT", 1]]
Completed 404 Not Found in 2ms (ActiveRecord: 1.0ms)


  
ActiveRecord::RecordNotFound (Couldn't find Article with 'id'=1):
  
app/controllers/api/v1/articles_controller.rb:10:in `show'
Started GET "/api/v1/article/1" for 127.0.0.1 at 2018-10-08 11:45:02 -0500
  
ActionController::RoutingError (No route matches [GET] "/api/v1/article/1"):
  
actionpack (5.1.6) lib/action_dispatch/middleware/debug_exceptions.rb:63:in `call'
actionpack (5.1.6) lib/action_dispatch/middleware/show_exceptions.rb:31:in `call'
railties (5.1.6) lib/rails/rack/logger.rb:36:in `call_app'
railties (5.1.6) lib/rails/rack/logger.rb:24:in `block in call'
activesupport (5.1.6) lib/active_support/tagged_logging.rb:69:in `block in tagged'
activesupport (5.1.6) lib/active_support/tagged_logging.rb:26:in `tagged'
activesupport (5.1.6) lib/active_support/tagged_logging.rb:69:in `tagged'
railties (5.1.6) lib/rails/rack/logger.rb:24:in `call'
actionpack (5.1.6) lib/action_dispatch/middleware/remote_ip.rb:79:in `call'
actionpack (5.1.6) lib/action_dispatch/middleware/request_id.rb:25:in `call'
rack (2.0.5) lib/rack/runtime.rb:22:in `call'
activesupport (5.1.6) lib/active_support/cache/strategy/local_cache_middleware.rb:27:in `call'
actionpack (5.1.6) lib/action_dispatch/middleware/executor.rb:12:in `call'
actionpack (5.1.6) lib/action_dispatch/middleware/static.rb:125:in `call'
rack (2.0.5) lib/rack/sendfile.rb:111:in `call'
railties (5.1.6) lib/rails/engine.rb:522:in `call'
puma (3.12.0) lib/puma/configuration.rb:225:in `call'
puma (3.12.0) lib/puma/server.rb:658:in `handle_request'
puma (3.12.0) lib/puma/server.rb:472:in `process_client'
puma (3.12.0) lib/puma/server.rb:332:in `block in run'
puma (3.12.0) lib/puma/thread_pool.rb:133:in `block in spawn_thread'
Started PUT "/api/v1/article/1" for 127.0.0.1 at 2018-10-08 11:47:00 -0500
  
ActionController::RoutingError (No route matches [PUT] "/api/v1/article/1"):
  
actionpack (5.1.6) lib/action_dispatch/middleware/debug_exceptions.rb:63:in `call'
actionpack (5.1.6) lib/action_dispatch/middleware/show_exceptions.rb:31:in `call'
railties (5.1.6) lib/rails/rack/logger.rb:36:in `call_app'
railties (5.1.6) lib/rails/rack/logger.rb:24:in `block in call'
activesupport (5.1.6) lib/active_support/tagged_logging.rb:69:in `block in tagged'
activesupport (5.1.6) lib/active_support/tagged_logging.rb:26:in `tagged'
activesupport (5.1.6) lib/active_support/tagged_logging.rb:69:in `tagged'
railties (5.1.6) lib/rails/rack/logger.rb:24:in `call'
actionpack (5.1.6) lib/action_dispatch/middleware/remote_ip.rb:79:in `call'
actionpack (5.1.6) lib/action_dispatch/middleware/request_id.rb:25:in `call'
rack (2.0.5) lib/rack/runtime.rb:22:in `call'
activesupport (5.1.6) lib/active_support/cache/strategy/local_cache_middleware.rb:27:in `call'
actionpack (5.1.6) lib/action_dispatch/middleware/executor.rb:12:in `call'
actionpack (5.1.6) lib/action_dispatch/middleware/static.rb:125:in `call'
rack (2.0.5) lib/rack/sendfile.rb:111:in `call'
railties (5.1.6) lib/rails/engine.rb:522:in `call'
puma (3.12.0) lib/puma/configuration.rb:225:in `call'
puma (3.12.0) lib/puma/server.rb:658:in `handle_request'
puma (3.12.0) lib/puma/server.rb:472:in `process_client'
puma (3.12.0) lib/puma/server.rb:332:in `block in run'
puma (3.12.0) lib/puma/thread_pool.rb:133:in `block in spawn_thread'
Started PATCH "/api/v1/article/1" for 127.0.0.1 at 2018-10-08 11:47:19 -0500
  
ActionController::RoutingError (No route matches [PATCH] "/api/v1/article/1"):
  
actionpack (5.1.6) lib/action_dispatch/middleware/debug_exceptions.rb:63:in `call'
actionpack (5.1.6) lib/action_dispatch/middleware/show_exceptions.rb:31:in `call'
railties (5.1.6) lib/rails/rack/logger.rb:36:in `call_app'
railties (5.1.6) lib/rails/rack/logger.rb:24:in `block in call'
activesupport (5.1.6) lib/active_support/tagged_logging.rb:69:in `block in tagged'
activesupport (5.1.6) lib/active_support/tagged_logging.rb:26:in `tagged'
activesupport (5.1.6) lib/active_support/tagged_logging.rb:69:in `tagged'
railties (5.1.6) lib/rails/rack/logger.rb:24:in `call'
actionpack (5.1.6) lib/action_dispatch/middleware/remote_ip.rb:79:in `call'
actionpack (5.1.6) lib/action_dispatch/middleware/request_id.rb:25:in `call'
rack (2.0.5) lib/rack/runtime.rb:22:in `call'
activesupport (5.1.6) lib/active_support/cache/strategy/local_cache_middleware.rb:27:in `call'
actionpack (5.1.6) lib/action_dispatch/middleware/executor.rb:12:in `call'
actionpack (5.1.6) lib/action_dispatch/middleware/static.rb:125:in `call'
rack (2.0.5) lib/rack/sendfile.rb:111:in `call'
railties (5.1.6) lib/rails/engine.rb:522:in `call'
puma (3.12.0) lib/puma/configuration.rb:225:in `call'
puma (3.12.0) lib/puma/server.rb:658:in `handle_request'
puma (3.12.0) lib/puma/server.rb:472:in `process_client'
puma (3.12.0) lib/puma/server.rb:332:in `block in run'
puma (3.12.0) lib/puma/thread_pool.rb:133:in `block in spawn_thread'
Started PATCH "/api/v1/articles/1" for 127.0.0.1 at 2018-10-08 11:47:57 -0500
Processing by Api::V1::ArticlesController#update as */*
  Parameters: {"title"=>"Casas de carton", "id"=>"1", "article"=>{"title"=>"Casas de carton"}}
  [1m[36mArticle Load (1.0ms)[0m  [1m[34mSELECT  "articles".* FROM "articles" WHERE "articles"."id" = ? LIMIT ?[0m  [["id", 1], ["LIMIT", 1]]
Completed 404 Not Found in 2ms (ActiveRecord: 1.0ms)


  
ActiveRecord::RecordNotFound (Couldn't find Article with 'id'=1):
  
app/controllers/api/v1/articles_controller.rb:31:in `update'
Started PUT "/api/v1/articles/1" for 127.0.0.1 at 2018-10-08 11:48:11 -0500
Processing by Api::V1::ArticlesController#update as */*
  Parameters: {"title"=>"Casas de carton", "id"=>"1", "article"=>{"title"=>"Casas de carton"}}
  [1m[36mArticle Load (0.0ms)[0m  [1m[34mSELECT  "articles".* FROM "articles" WHERE "articles"."id" = ? LIMIT ?[0m  [["id", 1], ["LIMIT", 1]]
Completed 404 Not Found in 2ms (ActiveRecord: 0.0ms)


  
ActiveRecord::RecordNotFound (Couldn't find Article with 'id'=1):
  
app/controllers/api/v1/articles_controller.rb:31:in `update'
Started PUT "/api/v1/articles/1?title=casas" for 127.0.0.1 at 2018-10-08 11:49:42 -0500
Processing by Api::V1::ArticlesController#update as */*
  Parameters: {"title"=>"casas", "id"=>"1", "article"=>{}}
  [1m[36mArticle Load (1.0ms)[0m  [1m[34mSELECT  "articles".* FROM "articles" WHERE "articles"."id" = ? LIMIT ?[0m  [["id", 1], ["LIMIT", 1]]
Completed 404 Not Found in 2ms (ActiveRecord: 1.0ms)


  
ActiveRecord::RecordNotFound (Couldn't find Article with 'id'=1):
  
app/controllers/api/v1/articles_controller.rb:31:in `update'
Started GET "/api/v1/articles/1" for 127.0.0.1 at 2018-10-08 11:50:58 -0500
Processing by Api::V1::ArticlesController#show as */*
  Parameters: {"id"=>"1"}
  [1m[36mArticle Load (0.0ms)[0m  [1m[34mSELECT  "articles".* FROM "articles" WHERE "articles"."id" = ? LIMIT ?[0m  [["id", 1], ["LIMIT", 1]]
Completed 404 Not Found in 2ms (ActiveRecord: 0.0ms)


  
ActiveRecord::RecordNotFound (Couldn't find Article with 'id'=1):
  
app/controllers/api/v1/articles_controller.rb:10:in `show'
Started GET "/api/v1/articles/1" for 127.0.0.1 at 2018-10-08 11:51:16 -0500
Processing by Api::V1::ArticlesController#show as */*
  Parameters: {"id"=>"1", "article"=>{}}
  [1m[36mArticle Load (1.0ms)[0m  [1m[34mSELECT  "articles".* FROM "articles" WHERE "articles"."id" = ? LIMIT ?[0m  [["id", 1], ["LIMIT", 1]]
Completed 404 Not Found in 2ms (ActiveRecord: 1.0ms)


  
ActiveRecord::RecordNotFound (Couldn't find Article with 'id'=1):
  
app/controllers/api/v1/articles_controller.rb:10:in `show'
Started GET "/api/v1/articles//1" for 127.0.0.1 at 2018-10-08 11:51:29 -0500
Processing by Api::V1::ArticlesController#show as */*
  Parameters: {"id"=>"1", "article"=>{}}
  [1m[36mArticle Load (0.0ms)[0m  [1m[34mSELECT  "articles".* FROM "articles" WHERE "articles"."id" = ? LIMIT ?[0m  [["id", 1], ["LIMIT", 1]]
Completed 404 Not Found in 2ms (ActiveRecord: 0.0ms)


  
ActiveRecord::RecordNotFound (Couldn't find Article with 'id'=1):
  
app/controllers/api/v1/articles_controller.rb:10:in `show'
Started GET "/api/v1/articles/" for 127.0.0.1 at 2018-10-08 11:51:34 -0500
Processing by Api::V1::ArticlesController#index as */*
  Parameters: {"article"=>{}}
  [1m[36mArticle Load (0.0ms)[0m  [1m[34mSELECT "articles".* FROM "articles" ORDER BY created_at DESC[0m
Completed 200 OK in 4ms (Views: 2.7ms | ActiveRecord: 0.0ms)


Started GET "/api/v1/articles/1" for 127.0.0.1 at 2018-10-08 11:51:46 -0500
Processing by Api::V1::ArticlesController#show as HTML
  Parameters: {"id"=>"1"}
  [1m[36mArticle Load (0.0ms)[0m  [1m[34mSELECT  "articles".* FROM "articles" WHERE "articles"."id" = ? LIMIT ?[0m  [["id", 1], ["LIMIT", 1]]
Completed 404 Not Found in 3ms (ActiveRecord: 0.0ms)


  
ActiveRecord::RecordNotFound (Couldn't find Article with 'id'=1):
  
app/controllers/api/v1/articles_controller.rb:10:in `show'
Started GET "/api/v1/articles/" for 127.0.0.1 at 2018-10-08 11:52:41 -0500
Processing by Api::V1::ArticlesController#index as */*
  Parameters: {"article"=>{}}
  [1m[36mArticle Load (0.0ms)[0m  [1m[34mSELECT "articles".* FROM "articles" ORDER BY created_at DESC[0m
Completed 200 OK in 3ms (Views: 3.0ms | ActiveRecord: 0.0ms)


Started GET "/api/v1/articles/:1" for 127.0.0.1 at 2018-10-08 11:53:12 -0500
Processing by Api::V1::ArticlesController#show as HTML
  Parameters: {"id"=>":1"}
  [1m[36mArticle Load (0.0ms)[0m  [1m[34mSELECT  "articles".* FROM "articles" WHERE "articles"."id" = ? LIMIT ?[0m  [["id", 0], ["LIMIT", 1]]
Completed 404 Not Found in 2ms (ActiveRecord: 0.0ms)


  
ActiveRecord::RecordNotFound (Couldn't find Article with 'id'=:1):
  
app/controllers/api/v1/articles_controller.rb:10:in `show'
Started GET "/api/v1/articles/:1" for 127.0.0.1 at 2018-10-08 11:53:29 -0500
Processing by Api::V1::ArticlesController#show as HTML
  Parameters: {"id"=>":1"}
  [1m[36mArticle Load (0.0ms)[0m  [1m[34mSELECT  "articles".* FROM "articles" WHERE "articles"."id" = ? LIMIT ?[0m  [["id", 0], ["LIMIT", 1]]
Completed 404 Not Found in 2ms (ActiveRecord: 0.0ms)


  
ActiveRecord::RecordNotFound (Couldn't find Article with 'id'=:1):
  
app/controllers/api/v1/articles_controller.rb:10:in `show'
Started GET "/api/v1/articles/1/" for 127.0.0.1 at 2018-10-08 11:53:38 -0500
Processing by Api::V1::ArticlesController#show as HTML
  Parameters: {"id"=>"1"}
  [1m[36mArticle Load (0.0ms)[0m  [1m[34mSELECT  "articles".* FROM "articles" WHERE "articles"."id" = ? LIMIT ?[0m  [["id", 1], ["LIMIT", 1]]
Completed 404 Not Found in 2ms (ActiveRecord: 0.0ms)


  
ActiveRecord::RecordNotFound (Couldn't find Article with 'id'=1):
  
app/controllers/api/v1/articles_controller.rb:10:in `show'
Started GET "/api/v1/articles/" for 127.0.0.1 at 2018-10-08 11:53:43 -0500
Processing by Api::V1::ArticlesController#index as HTML
  [1m[36mArticle Load (1.0ms)[0m  [1m[34mSELECT "articles".* FROM "articles" ORDER BY created_at DESC[0m
Completed 200 OK in 3ms (Views: 2.0ms | ActiveRecord: 1.0ms)


Started GET "/api/v1/articles/1" for 127.0.0.1 at 2018-10-08 11:53:58 -0500
Processing by Api::V1::ArticlesController#show as */*
  Parameters: {"id"=>"1", "article"=>{}}
  [1m[36mArticle Load (1.0ms)[0m  [1m[34mSELECT  "articles".* FROM "articles" WHERE "articles"."id" = ? LIMIT ?[0m  [["id", 1], ["LIMIT", 1]]
Completed 404 Not Found in 2ms (ActiveRecord: 1.0ms)


  
ActiveRecord::RecordNotFound (Couldn't find Article with 'id'=1):
  
app/controllers/api/v1/articles_controller.rb:10:in `show'
Started GET "/api/v1/articles/1" for 127.0.0.1 at 2018-10-08 11:55:01 -0500
Processing by Api::V1::ArticlesController#show as */*
  Parameters: {"id"=>"1", "article"=>{}}
  [1m[36mArticle Load (1.0ms)[0m  [1m[34mSELECT  "articles".* FROM "articles" WHERE "articles"."id" = ? LIMIT ?[0m  [["id", 1], ["LIMIT", 1]]
Completed 404 Not Found in 2ms (ActiveRecord: 1.0ms)


  
ActiveRecord::RecordNotFound (Couldn't find Article with 'id'=1):
  
app/controllers/api/v1/articles_controller.rb:10:in `show'
Started GET "/api/v1/articles/1" for 127.0.0.1 at 2018-10-08 11:55:21 -0500
Processing by Api::V1::ArticlesController#show as */*
  Parameters: {"id"=>"1", "article"=>{}}
  [1m[36mArticle Load (0.0ms)[0m  [1m[34mSELECT  "articles".* FROM "articles" WHERE "articles"."id" = ? LIMIT ?[0m  [["id", 1], ["LIMIT", 1]]
Completed 404 Not Found in 3ms (ActiveRecord: 0.0ms)


  
ActiveRecord::RecordNotFound (Couldn't find Article with 'id'=1):
  
app/controllers/api/v1/articles_controller.rb:10:in `show'
Started GET "/api/v1/articles" for 127.0.0.1 at 2018-10-08 11:55:32 -0500
Processing by Api::V1::ArticlesController#index as */*
  Parameters: {"article"=>{}}
  [1m[36mArticle Load (1.0ms)[0m  [1m[34mSELECT "articles".* FROM "articles" ORDER BY created_at DESC[0m
Completed 200 OK in 3ms (Views: 2.1ms | ActiveRecord: 1.0ms)


  [1m[35m (0.0ms)[0m  [1m[34mSELECT "schema_migrations"."version" FROM "schema_migrations" ORDER BY "schema_migrations"."version" ASC[0m
  [1m[35m (0.0ms)[0m  [1m[36mbegin transaction[0m
  [1m[35mSQL (0.0ms)[0m  [1m[32mINSERT INTO "articles" ("title", "body", "created_at", "updated_at") VALUES (?, ?, ?, ?)[0m  [["title", "Fair Stood the Wind for France"], ["body", "Esse dolorem distinctio qui."], ["created_at", "2018-10-08 16:55:56.645875"], ["updated_at", "2018-10-08 16:55:56.645875"]]
  [1m[35m (5.0ms)[0m  [1m[36mcommit transaction[0m
  [1m[35m (0.0ms)[0m  [1m[36mbegin transaction[0m
  [1m[35mSQL (1.0ms)[0m  [1m[32mINSERT INTO "articles" ("title", "body", "created_at", "updated_at") VALUES (?, ?, ?, ?)[0m  [["title", "Absalom, Absalom!"], ["body", "Possimus quibusdam consequatur magni."], ["created_at", "2018-10-08 16:55:56.652754"], ["updated_at", "2018-10-08 16:55:56.652754"]]
  [1m[35m (9.0ms)[0m  [1m[36mcommit transaction[0m
  [1m[35m (0.0ms)[0m  [1m[36mbegin transaction[0m
  [1m[35mSQL (1.0ms)[0m  [1m[32mINSERT INTO "articles" ("title", "body", "created_at", "updated_at") VALUES (?, ?, ?, ?)[0m  [["title", "Blithe Spirit"], ["body", "Unde velit sunt quos."], ["created_at", "2018-10-08 16:55:56.663761"], ["updated_at", "2018-10-08 16:55:56.663761"]]
  [1m[35m (6.0ms)[0m  [1m[36mcommit transaction[0m
  [1m[35m (0.0ms)[0m  [1m[36mbegin transaction[0m
  [1m[35mSQL (7.0ms)[0m  [1m[32mINSERT INTO "articles" ("title", "body", "created_at", "updated_at") VALUES (?, ?, ?, ?)[0m  [["title", "The Heart Is a Lonely Hunter"], ["body", "Id rerum minima aut."], ["created_at", "2018-10-08 16:55:56.673788"], ["updated_at", "2018-10-08 16:55:56.673788"]]
  [1m[35m (7.0ms)[0m  [1m[36mcommit transaction[0m
  [1m[35m (0.0ms)[0m  [1m[36mbegin transaction[0m
  [1m[35mSQL (1.0ms)[0m  [1m[32mINSERT INTO "articles" ("title", "body", "created_at", "updated_at") VALUES (?, ?, ?, ?)[0m  [["title", "Absalom, Absalom!"], ["body", "Est iure quas dicta."], ["created_at", "2018-10-08 16:55:56.688827"], ["updated_at", "2018-10-08 16:55:56.688827"]]
  [1m[35m (30.8ms)[0m  [1m[36mcommit transaction[0m
Started GET "/api/v1/articles" for 127.0.0.1 at 2018-10-08 11:56:06 -0500
Processing by Api::V1::ArticlesController#index as */*
  Parameters: {"article"=>{}}
  [1m[36mArticle Load (1.0ms)[0m  [1m[34mSELECT "articles".* FROM "articles" ORDER BY created_at DESC[0m
Completed 200 OK in 4ms (Views: 2.4ms | ActiveRecord: 1.0ms)


Started GET "/api/v1/articles/2/" for 127.0.0.1 at 2018-10-08 11:56:24 -0500
Processing by Api::V1::ArticlesController#show as HTML
  Parameters: {"id"=>"2"}
  [1m[36mArticle Load (0.0ms)[0m  [1m[34mSELECT  "articles".* FROM "articles" WHERE "articles"."id" = ? LIMIT ?[0m  [["id", 2], ["LIMIT", 1]]
Completed 200 OK in 3ms (Views: 0.5ms | ActiveRecord: 0.0ms)


Started GET "/api/v1/articles/10" for 127.0.0.1 at 2018-10-08 11:56:55 -0500
Processing by Api::V1::ArticlesController#show as */*
  Parameters: {"id"=>"10", "article"=>{}}
  [1m[36mArticle Load (1.0ms)[0m  [1m[34mSELECT  "articles".* FROM "articles" WHERE "articles"."id" = ? LIMIT ?[0m  [["id", 10], ["LIMIT", 1]]
Completed 200 OK in 2ms (Views: 0.6ms | ActiveRecord: 1.0ms)


Started PATCH "/api/v1/articles/10?title=casas%20de%20carton&body=las%20casas%20son%20buenas" for 127.0.0.1 at 2018-10-08 11:57:38 -0500
Processing by Api::V1::ArticlesController#update as */*
  Parameters: {"title"=>"casas de carton", "body"=>"las casas son buenas", "id"=>"10", "article"=>{}}
  [1m[36mArticle Load (0.0ms)[0m  [1m[34mSELECT  "articles".* FROM "articles" WHERE "articles"."id" = ? LIMIT ?[0m  [["id", 10], ["LIMIT", 1]]
Unpermitted parameters: :id, :article
  [1m[35m (0.0ms)[0m  [1m[36mbegin transaction[0m
  [1m[35mSQL (1.0ms)[0m  [1m[33mUPDATE "articles" SET "title" = ?, "body" = ?, "updated_at" = ? WHERE "articles"."id" = ?[0m  [["title", "casas de carton"], ["body", "las casas son buenas"], ["updated_at", "2018-10-08 16:57:38.570091"], ["id", 10]]
  [1m[35m (6.0ms)[0m  [1m[36mcommit transaction[0m
Completed 200 OK in 15ms (Views: 0.6ms | ActiveRecord: 7.0ms)


Started GET "/api/v1/articles" for 127.0.0.1 at 2018-10-08 11:57:47 -0500
Processing by Api::V1::ArticlesController#index as */*
  Parameters: {"article"=>{}}
  [1m[36mArticle Load (1.0ms)[0m  [1m[34mSELECT "articles".* FROM "articles" ORDER BY created_at DESC[0m
Completed 200 OK in 5ms (Views: 4.6ms | ActiveRecord: 1.0ms)


Started GET "/api/v1/articles/9" for 127.0.0.1 at 2018-10-08 11:58:52 -0500
Processing by Api::V1::ArticlesController#show as */*
  Parameters: {"id"=>"9"}
  [1m[36mArticle Load (0.0ms)[0m  [1m[34mSELECT  "articles".* FROM "articles" WHERE "articles"."id" = ? LIMIT ?[0m  [["id", 9], ["LIMIT", 1]]
Completed 200 OK in 3ms (Views: 0.5ms | ActiveRecord: 0.0ms)


Started DELETE "/api/v1/articles/9" for 127.0.0.1 at 2018-10-08 11:59:30 -0500
Processing by Api::V1::ArticlesController#destroy as */*
  Parameters: {"id"=>"9", "article"=>{}}
  [1m[36mArticle Load (0.0ms)[0m  [1m[34mSELECT  "articles".* FROM "articles" WHERE "articles"."id" = ? LIMIT ?[0m  [["id", 9], ["LIMIT", 1]]
  [1m[35m (0.0ms)[0m  [1m[36mbegin transaction[0m
  [1m[35mSQL (1.0ms)[0m  [1m[31mDELETE FROM "articles" WHERE "articles"."id" = ?[0m  [["id", 9]]
  [1m[35m (20.1ms)[0m  [1m[36mcommit transaction[0m
Completed 200 OK in 36ms (Views: 0.8ms | ActiveRecord: 21.1ms)


Started GET "/api/v1/articles" for 127.0.0.1 at 2018-10-08 11:59:35 -0500
Processing by Api::V1::ArticlesController#index as */*
  Parameters: {"article"=>{}}
  [1m[36mArticle Load (1.0ms)[0m  [1m[34mSELECT "articles".* FROM "articles" ORDER BY created_at DESC[0m
Completed 200 OK in 5ms (Views: 3.7ms | ActiveRecord: 1.0ms)


Started GET "/api/v1/articles/" for 127.0.0.1 at 2018-10-08 12:01:56 -0500
Processing by Api::V1::ArticlesController#index as */*
  Parameters: {"article"=>{}}
  [1m[36mArticle Load (1.0ms)[0m  [1m[34mSELECT "articles".* FROM "articles" ORDER BY created_at DESC[0m
Completed 200 OK in 4ms (Views: 3.4ms | ActiveRecord: 1.0ms)


Started POST "/api/v1/articles/?id=9&title=casitas&body=piensa%20en%20casa" for 127.0.0.1 at 2018-10-08 12:02:39 -0500
Processing by Api::V1::ArticlesController#create as */*
  Parameters: {"id"=>"9", "title"=>"casitas", "body"=>"piensa en casa", "article"=>{}}
Unpermitted parameters: :id, :article
  [1m[35m (0.0ms)[0m  [1m[36mbegin transaction[0m
  [1m[35mSQL (1.0ms)[0m  [1m[32mINSERT INTO "articles" ("title", "body", "created_at", "updated_at") VALUES (?, ?, ?, ?)[0m  [["title", "casitas"], ["body", "piensa en casa"], ["created_at", "2018-10-08 17:02:39.915691"], ["updated_at", "2018-10-08 17:02:39.915691"]]
  [1m[35m (6.0ms)[0m  [1m[36mcommit transaction[0m
Completed 200 OK in 13ms (Views: 0.8ms | ActiveRecord: 7.1ms)


Started GET "/api/v1/articles" for 127.0.0.1 at 2018-10-08 12:02:44 -0500
Processing by Api::V1::ArticlesController#index as */*
  Parameters: {"article"=>{}}
  [1m[36mArticle Load (0.0ms)[0m  [1m[34mSELECT "articles".* FROM "articles" ORDER BY created_at DESC[0m
Completed 200 OK in 4ms (Views: 3.9ms | ActiveRecord: 0.0ms)


